Info: Generated by version: 23.4.1 build 205
Info: Starting: Create simulation model
Info: qsys-generate C:\projects\axe5_eagle\pcie\ip\system\system_iopll_0.ip --simulation=VERILOG --allow-mixed-language-simulation --simulator=MODELSIM --output-directory=C:\projects\axe5_eagle\pcie\ip\system\system_iopll_0 --family="Agilex 5" --part=A5ED065BB32AE4S
Info: system_iopll_0.iopll_0: Able to implement PLL with user settings
Info: system_iopll_0: "Transforming system: system_iopll_0"
Info: system_iopll_0: "Naming system components in system: system_iopll_0"
Info: system_iopll_0: "Processing generation queue"
Info: system_iopll_0: "Generating: system_iopll_0"
Info: system_iopll_0: "Generating: system_iopll_0_altera_iopll_1931_naboooq"
Info: system_iopll_0: Done "system_iopll_0" with 2 modules, 2 files
Info: Generating the following file(s) for MODELSIM simulator in C:/projects/axe5_eagle/pcie/ip/system/system_iopll_0/sim/ directory:
Info: 	common/modelsim_files.tcl
Info: For information on how to simulate your IP, see the explanatory comments in the simulator-specific subdirectories under C:/projects/axe5_eagle/pcie/ip/system/system_iopll_0/sim/.
Info: Regenerate these scripts whenever you make any change to any Quartus-generated IP in your project.
Info: Finished: Create simulation model
Info: Starting: Create simulation script
Info: sim-script-gen --system-file=C:\projects\axe5_eagle\pcie\ip\system\system_iopll_0.ip --simulator=MODELSIM --output-directory=C:/projects/axe5_eagle/pcie/ip/system/system_iopll_0/sim/ --use-relative-paths=true
Info: Generating the following file(s) for MODELSIM simulator in C:/projects/axe5_eagle/pcie/ip/system/system_iopll_0/sim/ directory:
Info: 	mentor/msim_setup.tcl
Info: For information on how to simulate your IP, see the explanatory comments in the simulator-specific subdirectories under C:/projects/axe5_eagle/pcie/ip/system/system_iopll_0/sim/.
Info: Regenerate these scripts whenever you make any change to any Quartus-generated IP in your project.
Info: Finished: Create simulation script
Info: 
Info: Starting: Create HDL design files for synthesis
Info: qsys-generate C:\projects\axe5_eagle\pcie\ip\system\system_iopll_0.ip --synthesis=VERILOG --output-directory=C:\projects\axe5_eagle\pcie\ip\system\system_iopll_0 --family="Agilex 5" --part=A5ED065BB32AE4S
Info: system_iopll_0.iopll_0: Able to implement PLL with user settings
Info: system_iopll_0: "Transforming system: system_iopll_0"
Info: system_iopll_0: "Naming system components in system: system_iopll_0"
Info: system_iopll_0: "Processing generation queue"
Info: system_iopll_0: "Generating: system_iopll_0"
Info: system_iopll_0: "Generating: system_iopll_0_altera_iopll_1931_naboooq"
Info: system_iopll_0: Done "system_iopll_0" with 2 modules, 6 files
Info: Finished: Create HDL design files for synthesis
