Fitter Finalize Stage Report for pcie_ed
Wed Mar 20 17:28:16 2024
Quartus Prime Version 23.4.1 Build 205 02/08/2024 SC Pro Edition


---------------------
; Table of Contents ;
---------------------
  1. Legal Notice
  2. Routing Usage Summary
  3. Finalize Messages



----------------
; Legal Notice ;
----------------
Copyright (C) 2024  Intel Corporation. All rights reserved.
Your use of Intel Corporation's design tools, logic functions 
and other software and tools, and any partner logic 
functions, and any output files from any of the foregoing 
(including device programming or simulation files), and any 
associated documentation or information are expressly subject 
to the terms and conditions of the Intel Program License 
Subscription Agreement, the Intel Quartus Prime License Agreement,
the Intel FPGA IP License Agreement, or other applicable license
agreement, including, without limitation, that your use is for
the sole purpose of programming logic devices manufactured by
Intel and sold by Intel or its authorized distributors.  Please
refer to the Intel FPGA Software License Subscription Agreements 
on the Quartus Prime software download page.



+---------------------------------------------------------------------+
; Routing Usage Summary                                               ;
+--------------------------------------+------------------------------+
; Routing Resource Type                ; Usage                        ;
+--------------------------------------+------------------------------+
; Block Input Mux Wrapbacks            ; 269 / 197,400 ( < 1 % )      ;
; Block Input Muxes                    ; 83,281 / 2,278,560 ( 4 % )   ;
; Block interconnects                  ; 63,825 / 2,391,360 ( 3 % )   ;
; C1 interconnects                     ; 30,348 / 1,071,360 ( 3 % )   ;
; C4 interconnects                     ; 9,958 / 1,049,040 ( < 1 % )  ;
; C8 interconnects                     ; 29 / 104,904 ( < 1 % )       ;
; DCM_muxes                            ; 5 / 456 ( 1 % )              ;
; DELAY_CHAINs                         ; 0 / 4,306 ( 0 % )            ;
; Direct links                         ; 10,448 / 2,391,360 ( < 1 % ) ;
; HIO Buffers                          ; 283 / 31,584 ( < 1 % )       ;
; IO12PHYTOP_LOGIC_INPUTs              ; 1 / 416 ( < 1 % )            ;
; IO12PHYTOP_LOGIC_OUTPUTs             ; 1 / 960 ( < 1 % )            ;
; IO75XDDRFMXCKTREE_CLKDRV_BIG_VCO_REs ; 0 / 16 ( 0 % )               ;
; IO75XDDRFMXCKTREE_CLKDRV_GM0_REs     ; 0 / 16 ( 0 % )               ;
; IO75XDDRFMXCKTREE_CLKDRV_VCO_INPUTs  ; 0 / 8 ( 0 % )                ;
; IO75XDDRFMXCKTREE_CLKDRV_VCO_OUTPUTs ; 0 / 8 ( 0 % )                ;
; IO75XDDRFMXCKTREE_FB_MUX31_REs       ; 0 / 48 ( 0 % )               ;
; IOFBRADAPT_C2P_BUF_INPUTs            ; 0 / 132 ( 0 % )              ;
; IOFBRADAPT_C2P_BUF_OUTPUTs           ; 0 / 132 ( 0 % )              ;
; IOFBRADAPT_FRZ_BUFS_REs              ; 0 / 616 ( 0 % )              ;
; IOFBRADAPT_P2C_BUF_INPUTs            ; 0 / 284 ( 0 % )              ;
; IOFBRADAPT_P2C_BUF_OUTPUTs           ; 0 / 284 ( 0 % )              ;
; Programmable Invert Buffers          ; 0 / 320 ( 0 % )              ;
; Programmable Invert Inputs           ; 2,885 / 214,170 ( 1 % )      ;
; Programmable Inverts                 ; 2,885 / 214,170 ( 1 % )      ;
; R0 interconnects                     ; 40,047 / 1,835,820 ( 2 % )   ;
; R1 interconnects                     ; 24,998 / 1,049,040 ( 2 % )   ;
; R12 interconnects                    ; 73 / 157,356 ( < 1 % )       ;
; R2 interconnects                     ; 10,977 / 527,340 ( 2 % )     ;
; R4 interconnects                     ; 8,324 / 532,980 ( 2 % )      ;
; R6 interconnects                     ; 8,264 / 535,800 ( 2 % )      ;
; Redundancy Muxes                     ; 603 / 62,248 ( < 1 % )       ;
; Row Clock Tap-Offs                   ; 2,004 / 157,356 ( 1 % )      ;
; Switchbox_clock_muxes                ; 39 / 5,120 ( < 1 % )         ;
; VIO Buffers                          ; 3 / 12,800 ( < 1 % )         ;
; Vertical_seam_tap_muxes              ; 34 / 2,304 ( 1 % )           ;
+--------------------------------------+------------------------------+


+-------------------+
; Finalize Messages ;
+-------------------+
Info (20030): Parallel compilation is enabled and will use 14 of the 14 processors detected
Info: *******************************************************************
Info: Running Quartus Prime Fitter
    Info: Version 23.4.1 Build 205 02/08/2024 SC Pro Edition
    Info: Processing started: Wed Mar 20 17:21:04 2024
    Info: System process ID: 26860
Info: Command: quartus_fit --read_settings_files=on --write_settings_files=off pcie_ed -c pcie_ed
Info: Using INI file C:/Users/152249/quartus.ini
Info: The application is running in 'DNI' mode.
Info: qfit2_default_script.tcl version: #1
Info: Project  = pcie_ed
Info: Revision = pcie_ed
Info (21076): High junction temperature operating condition is not set. Assuming a default value of '100'.
Info (21076): Low junction temperature operating condition is not set. Assuming a default value of '0'.
Info (18258): Fitter Physical Synthesis operations beginning
Info (18259): Fitter Physical Synthesis operations ending: elapsed time is 00:00:01
Info (19365): Global preservation of unused transceiver channels is enabled. All unused transceiver channels will be preserved.
Info (16557): Fitter post-fit operations ending: elapsed time is 00:00:39


