Info: Generated by version: 23.4.1 build 205
Info: Starting: Create simulation model
Info: qsys-generate /tmp/arc_903661062/alt9802_2313877265033587028.dir/0002_intel_pcie_gts_0_gen/ip/pcie_ed/pcie_ed_resetIP.ip --simulation=VERILOG --allow-mixed-language-simulation --output-directory=/tmp/arc_903661062/alt9802_2313877265033587028.dir/0002_intel_pcie_gts_0_gen/ip/pcie_ed/pcie_ed_resetIP --family="Agilex 5" --part=A5ED065BB32AE4SR0
Info: pcie_ed_resetIP.resetIP: Please use the new Intel FPGA IP named intel_user_rst_clkgate
Info: pcie_ed_resetIP: "Transforming system: pcie_ed_resetIP"
Info: pcie_ed_resetIP: "Naming system components in system: pcie_ed_resetIP"
Info: pcie_ed_resetIP: "Processing generation queue"
Info: pcie_ed_resetIP: "Generating: pcie_ed_resetIP"
Info: pcie_ed_resetIP: "Generating: altera_s10_user_rst_clkgate"
Info: pcie_ed_resetIP: Done "pcie_ed_resetIP" with 2 modules, 2 files
Info: Generating the following file(s) for VCS simulator in /tmp/arc_903661062/alt9802_2313877265033587028.dir/0002_intel_pcie_gts_0_gen/ip/pcie_ed/pcie_ed_resetIP/sim/ directory:
Info: 	common/vcs_files.tcl
Info: Generating the following file(s) for MODELSIM simulator in /tmp/arc_903661062/alt9802_2313877265033587028.dir/0002_intel_pcie_gts_0_gen/ip/pcie_ed/pcie_ed_resetIP/sim/ directory:
Info: 	common/modelsim_files.tcl
Info: Generating the following file(s) for RIVIERA simulator in /tmp/arc_903661062/alt9802_2313877265033587028.dir/0002_intel_pcie_gts_0_gen/ip/pcie_ed/pcie_ed_resetIP/sim/ directory:
Info: 	common/riviera_files.tcl
Info: Generating the following file(s) for VCSMX simulator in /tmp/arc_903661062/alt9802_2313877265033587028.dir/0002_intel_pcie_gts_0_gen/ip/pcie_ed/pcie_ed_resetIP/sim/ directory:
Info: 	common/vcsmx_files.tcl
Info: Generating the following file(s) for XCELIUM simulator in /tmp/arc_903661062/alt9802_2313877265033587028.dir/0002_intel_pcie_gts_0_gen/ip/pcie_ed/pcie_ed_resetIP/sim/ directory:
Info: 	common/xcelium_files.tcl
Info: For information on how to simulate your IP, see the explanatory comments in the simulator-specific subdirectories under /tmp/arc_903661062/alt9802_2313877265033587028.dir/0002_intel_pcie_gts_0_gen/ip/pcie_ed/pcie_ed_resetIP/sim/.
Info: Regenerate these scripts whenever you make any change to any Quartus-generated IP in your project.
Info: Finished: Create simulation model
Info: Starting: Create simulation script
Info: sim-script-gen --system-file=/tmp/arc_903661062/alt9802_2313877265033587028.dir/0002_intel_pcie_gts_0_gen/ip/pcie_ed/pcie_ed_resetIP.ip --output-directory=/tmp/arc_903661062/alt9802_2313877265033587028.dir/0002_intel_pcie_gts_0_gen/ip/pcie_ed/pcie_ed_resetIP/sim/ --use-relative-paths=true
Info: Generating the following file(s) for VCS simulator in /tmp/arc_903661062/alt9802_2313877265033587028.dir/0002_intel_pcie_gts_0_gen/ip/pcie_ed/pcie_ed_resetIP/sim/ directory:
Info: 	synopsys/vcs/vcs_setup.sh
Info: Generating the following file(s) for MODELSIM simulator in /tmp/arc_903661062/alt9802_2313877265033587028.dir/0002_intel_pcie_gts_0_gen/ip/pcie_ed/pcie_ed_resetIP/sim/ directory:
Info: 	mentor/msim_setup.tcl
Info: Generating the following file(s) for RIVIERA simulator in /tmp/arc_903661062/alt9802_2313877265033587028.dir/0002_intel_pcie_gts_0_gen/ip/pcie_ed/pcie_ed_resetIP/sim/ directory:
Info: 	aldec/rivierapro_setup.tcl
Info: Generating the following file(s) for VCSMX simulator in /tmp/arc_903661062/alt9802_2313877265033587028.dir/0002_intel_pcie_gts_0_gen/ip/pcie_ed/pcie_ed_resetIP/sim/ directory:
Info: 	synopsys/vcsmx/synopsys_sim.setup
Info: 	synopsys/vcsmx/vcsmx_setup.sh
Info: Generating the following file(s) for XCELIUM simulator in /tmp/arc_903661062/alt9802_2313877265033587028.dir/0002_intel_pcie_gts_0_gen/ip/pcie_ed/pcie_ed_resetIP/sim/ directory:
Info: 	xcelium/cds.lib
Info: 	xcelium/hdl.var
Info: 	xcelium/xcelium_setup.sh
Info: 	2 .cds.lib files in xcelium/cds_libs/ directory
Info: For information on how to simulate your IP, see the explanatory comments in the simulator-specific subdirectories under /tmp/arc_903661062/alt9802_2313877265033587028.dir/0002_intel_pcie_gts_0_gen/ip/pcie_ed/pcie_ed_resetIP/sim/.
Info: Regenerate these scripts whenever you make any change to any Quartus-generated IP in your project.
Info: Finished: Create simulation script
