Info: Generated by version: 23.4.1 build 205
Info: Starting: Create simulation model
Info: qsys-generate C:\projects\axe5_eagle\pcie\ip\system\mem0.ip --simulation=VERILOG --allow-mixed-language-simulation --simulator=MODELSIM --output-directory=C:\projects\axe5_eagle\pcie\ip\system\mem0 --family="Agilex 5" --part=A5ED065BB32AE4S
Info: mem0: "Transforming system: mem0"
Info: mem0: "Naming system components in system: mem0"
Info: mem0: "Processing generation queue"
Info: mem0: "Generating: mem0"
Info: mem0: "Generating: mem0_intel_onchip_memory_147_2eoow2i"
Info: mem0: Done "mem0" with 2 modules, 3 files
Info: Generating the following file(s) for MODELSIM simulator in C:/projects/axe5_eagle/pcie/ip/system/mem0/sim/ directory:
Info: 	common/modelsim_files.tcl
Info: For information on how to simulate your IP, see the explanatory comments in the simulator-specific subdirectories under C:/projects/axe5_eagle/pcie/ip/system/mem0/sim/.
Info: Regenerate these scripts whenever you make any change to any Quartus-generated IP in your project.
Info: Finished: Create simulation model
Info: Starting: Create simulation script
Info: sim-script-gen --system-file=C:\projects\axe5_eagle\pcie\ip\system\mem0.ip --simulator=MODELSIM --output-directory=C:/projects/axe5_eagle/pcie/ip/system/mem0/sim/ --use-relative-paths=true
Info: Generating the following file(s) for MODELSIM simulator in C:/projects/axe5_eagle/pcie/ip/system/mem0/sim/ directory:
Info: 	mentor/msim_setup.tcl
Info: For information on how to simulate your IP, see the explanatory comments in the simulator-specific subdirectories under C:/projects/axe5_eagle/pcie/ip/system/mem0/sim/.
Info: Regenerate these scripts whenever you make any change to any Quartus-generated IP in your project.
Info: Finished: Create simulation script
Info: 
Info: Starting: Create HDL design files for synthesis
Info: qsys-generate C:\projects\axe5_eagle\pcie\ip\system\mem0.ip --synthesis=VERILOG --output-directory=C:\projects\axe5_eagle\pcie\ip\system\mem0 --family="Agilex 5" --part=A5ED065BB32AE4S
Info: mem0: "Transforming system: mem0"
Info: mem0: "Naming system components in system: mem0"
Info: mem0: "Processing generation queue"
Info: mem0: "Generating: mem0"
Info: mem0: "Generating: mem0_intel_onchip_memory_147_2eoow2i"
Info: mem0: Done "mem0" with 2 modules, 3 files
Info: Finished: Create HDL design files for synthesis
