Info: Generated by version: 23.4.1 build 205
Info: Starting: Create simulation model
Info: qsys-generate /tmp/arc_903661062/alt9802_2313877265033587028.dir/0002_intel_pcie_gts_0_gen/ip/pcie_ed/pcie_ed_syspll.ip --simulation=VERILOG --allow-mixed-language-simulation --output-directory=/tmp/arc_903661062/alt9802_2313877265033587028.dir/0002_intel_pcie_gts_0_gen/ip/pcie_ed/pcie_ed_syspll --family="Agilex 5" --part=A5ED065BB32AE4SR0
Info: pcie_ed_syspll: "Transforming system: pcie_ed_syspll"
Info: pcie_ed_syspll: "Naming system components in system: pcie_ed_syspll"
Info: pcie_ed_syspll: "Processing generation queue"
Info: pcie_ed_syspll: "Generating: pcie_ed_syspll"
Info: pcie_ed_syspll: "Generating: pcie_ed_syspll_intel_systemclk_gts_200_eathmmq"
Info: spll_hal_top: "Generating: spll_hal_top"
Info: pcie_ed_syspll: "Generating: pcie_ed_syspll_intel_systemclk_gts_spll_hal_200_cc5u5ly"
Info: pcie_ed_syspll: "Generating: pcie_ed_syspll_spll_hal_2100_dlmglry"
Info: pcie_ed_syspll: Done "pcie_ed_syspll" with 4 modules, 5 files
Info: Generating the following file(s) for XCELIUM simulator in /tmp/arc_903661062/alt9802_2313877265033587028.dir/0002_intel_pcie_gts_0_gen/ip/pcie_ed/pcie_ed_syspll/sim/ directory:
Info: 	common/xcelium_files.tcl
Info: Generating the following file(s) for MODELSIM simulator in /tmp/arc_903661062/alt9802_2313877265033587028.dir/0002_intel_pcie_gts_0_gen/ip/pcie_ed/pcie_ed_syspll/sim/ directory:
Info: 	common/modelsim_files.tcl
Info: Generating the following file(s) for RIVIERA simulator in /tmp/arc_903661062/alt9802_2313877265033587028.dir/0002_intel_pcie_gts_0_gen/ip/pcie_ed/pcie_ed_syspll/sim/ directory:
Info: 	common/riviera_files.tcl
Info: Generating the following file(s) for VCSMX simulator in /tmp/arc_903661062/alt9802_2313877265033587028.dir/0002_intel_pcie_gts_0_gen/ip/pcie_ed/pcie_ed_syspll/sim/ directory:
Info: 	common/vcsmx_files.tcl
Info: Generating the following file(s) for VCS simulator in /tmp/arc_903661062/alt9802_2313877265033587028.dir/0002_intel_pcie_gts_0_gen/ip/pcie_ed/pcie_ed_syspll/sim/ directory:
Info: 	common/vcs_files.tcl
Info: For information on how to simulate your IP, see the explanatory comments in the simulator-specific subdirectories under /tmp/arc_903661062/alt9802_2313877265033587028.dir/0002_intel_pcie_gts_0_gen/ip/pcie_ed/pcie_ed_syspll/sim/.
Info: Regenerate these scripts whenever you make any change to any Quartus-generated IP in your project.
Info: Finished: Create simulation model
Info: Starting: Create simulation script
Info: sim-script-gen --system-file=/tmp/arc_903661062/alt9802_2313877265033587028.dir/0002_intel_pcie_gts_0_gen/ip/pcie_ed/pcie_ed_syspll.ip --output-directory=/tmp/arc_903661062/alt9802_2313877265033587028.dir/0002_intel_pcie_gts_0_gen/ip/pcie_ed/pcie_ed_syspll/sim/ --use-relative-paths=true
Info: Generating the following file(s) for XCELIUM simulator in /tmp/arc_903661062/alt9802_2313877265033587028.dir/0002_intel_pcie_gts_0_gen/ip/pcie_ed/pcie_ed_syspll/sim/ directory:
Info: 	xcelium/cds.lib
Info: 	xcelium/hdl.var
Info: 	xcelium/xcelium_setup.sh
Info: 	3 .cds.lib files in xcelium/cds_libs/ directory
Info: Generating the following file(s) for MODELSIM simulator in /tmp/arc_903661062/alt9802_2313877265033587028.dir/0002_intel_pcie_gts_0_gen/ip/pcie_ed/pcie_ed_syspll/sim/ directory:
Info: 	mentor/msim_setup.tcl
Info: Generating the following file(s) for RIVIERA simulator in /tmp/arc_903661062/alt9802_2313877265033587028.dir/0002_intel_pcie_gts_0_gen/ip/pcie_ed/pcie_ed_syspll/sim/ directory:
Info: 	aldec/rivierapro_setup.tcl
Info: Generating the following file(s) for VCSMX simulator in /tmp/arc_903661062/alt9802_2313877265033587028.dir/0002_intel_pcie_gts_0_gen/ip/pcie_ed/pcie_ed_syspll/sim/ directory:
Info: 	synopsys/vcsmx/synopsys_sim.setup
Info: 	synopsys/vcsmx/vcsmx_setup.sh
Info: Generating the following file(s) for VCS simulator in /tmp/arc_903661062/alt9802_2313877265033587028.dir/0002_intel_pcie_gts_0_gen/ip/pcie_ed/pcie_ed_syspll/sim/ directory:
Info: 	synopsys/vcs/vcs_setup.sh
Info: For information on how to simulate your IP, see the explanatory comments in the simulator-specific subdirectories under /tmp/arc_903661062/alt9802_2313877265033587028.dir/0002_intel_pcie_gts_0_gen/ip/pcie_ed/pcie_ed_syspll/sim/.
Info: Regenerate these scripts whenever you make any change to any Quartus-generated IP in your project.
Info: Finished: Create simulation script
